<?xml version="1.0" encoding="UTF-8"?>
<!-- Generated by org.testng.reporters.JUnitReportReporter -->
<testsuite hostname="RAVI" failures="0" tests="2" name="com.learnautomation.testcases.LoginTestCRM" time="30.283" errors="0" timestamp="31 Aug 2020 16:58:09 GMT" skipped="0">
  <testcase classname="com.learnautomation.testcases.LoginTestCRM" name="loginApp" time="27.478"/>
  <testcase classname="com.learnautomation.testcases.LoginTestCRM" name="loginApp1" time="2.805"/>
</testsuite> <!-- com.learnautomation.testcases.LoginTestCRM -->
